{
  "0 debug pnpm:scope": {
    "selected": 1,
    "total": 1,
    "workspacePrefix": "/Users/saber/coding/mygithub/vue3-monorepo-components"
  },
  "1 debug pnpm:package-manifest": {
    "initial": {
      "name": "@dangojs/d-button",
      "version": "0.0.0",
      "main": "lib/index.js",
      "module": "es/index.js",
      "exports": {
        ".": {
          "require": "./lib/index.js",
          "import": "./es/index.js"
        },
        "./es": "./es/index.js",
        "./lib": "./lib/index.js",
        "./es/*.js": "./es/*.js",
        "./es/*": "./es/*.js",
        "./lib/*.js": "./lib/*.js",
        "./lib/*": "./lib/*.js",
        "./*": "./*"
      },
      "unpkg": "dist/index.full.js",
      "jsdelivr": "dist/index.full.js",
      "scripts": {
        "build": "npm run build:components && npm run build:style",
        "build:components": "vite build",
        "build:style": "gulp --require sucrase/register/ts",
        "prepublishOnly": "npm run build",
        "release": "bumpp && pnpm publish"
      },
      "files": [
        "es",
        "lib",
        "css",
        "style"
      ],
      "publishConfig": {
        "registry": "",
        "access": "public"
      },
      "browserslist": [
        "> 1%",
        "not ie 11",
        "not op_mini all"
      ],
      "dependencies": {
        "@arco-design/web-vue": "^2.33.1",
        "@dangojs/digitforce-ui-utils": "workspace:^"
      },
      "devDependencies": {
        "@types/node": "^18.0.6",
        "@vitejs/plugin-vue": "^3.0.1",
        "@vitejs/plugin-vue-jsx": "^2.0.0",
        "bumpp": "^8.2.1",
        "fs-extra": "^10.1.0",
        "gulp": "^4.0.2",
        "gulp-autoprefixer": "^8.0.0",
        "gulp-clean-css": "^4.3.0",
        "gulp-less": "^5.0.0",
        "less": "^4.1.3",
        "release-it": "^15.2.0",
        "sucrase": "^3.24.0",
        "ts-node": "^10.9.1",
        "typescript": "^4.7.4",
        "vite": "^3.0.2",
        "vite-plugin-dts": "^1.4.0",
        "vitest": "^0.18.1",
        "vue": "^3.2.37"
      }
    },
    "prefix": "/Users/saber/coding/mygithub/vue3-monorepo-components/packages/button"
  },
  "2 debug pnpm:context": {
    "currentLockfileExists": false,
    "storeDir": "/Users/saber/.pnpm-store/v3",
    "virtualStoreDir": "/Users/saber/coding/mygithub/vue3-monorepo-components/node_modules/.pnpm"
  },
  "3 debug pnpm:stage": {
    "prefix": "/Users/saber/coding/mygithub/vue3-monorepo-components",
    "stage": "resolution_started"
  },
  "4 debug pnpm:_dependency_resolved": {
    "resolution": "registry.npmjs.org/fs-extra/10.1.0",
    "wanted": {
      "dependentId": "packages/button",
      "name": "fs-extra",
      "rawSpec": "^10.1.0"
    }
  },
  "5 debug pnpm:progress": {
    "packageId": "registry.npmjs.org/fs-extra/10.1.0",
    "requester": "/Users/saber/coding/mygithub/vue3-monorepo-components",
    "status": "resolved"
  },
  "6 debug pnpm:_dependency_resolved": {
    "resolution": "registry.npmjs.org/gulp-less/5.0.0",
    "wanted": {
      "dependentId": "packages/button",
      "name": "gulp-less",
      "rawSpec": "^5.0.0"
    }
  },
  "7 debug pnpm:progress": {
    "packageId": "registry.npmjs.org/gulp-less/5.0.0",
    "requester": "/Users/saber/coding/mygithub/vue3-monorepo-components",
    "status": "resolved"
  },
  "8 debug pnpm:progress": {
    "packageId": "registry.npmjs.org/fs-extra/10.1.0",
    "requester": "/Users/saber/coding/mygithub/vue3-monorepo-components",
    "status": "found_in_store"
  },
  "9 debug pnpm:_dependency_resolved": {
    "resolution": "registry.npmjs.org/gulp/4.0.2",
    "wanted": {
      "dependentId": "packages/button",
      "name": "gulp",
      "rawSpec": "^4.0.2"
    }
  },
  "10 debug pnpm:progress": {
    "packageId": "registry.npmjs.org/gulp/4.0.2",
    "requester": "/Users/saber/coding/mygithub/vue3-monorepo-components",
    "status": "resolved"
  },
  "11 debug pnpm:progress": {
    "packageId": "registry.npmjs.org/gulp-less/5.0.0",
    "requester": "/Users/saber/coding/mygithub/vue3-monorepo-components",
    "status": "found_in_store"
  },
  "12 debug pnpm:progress": {
    "packageId": "registry.npmjs.org/gulp/4.0.2",
    "requester": "/Users/saber/coding/mygithub/vue3-monorepo-components",
    "status": "found_in_store"
  },
  "13 debug pnpm:_dependency_resolved": {
    "resolution": "registry.npmjs.org/gulp-clean-css/4.3.0",
    "wanted": {
      "dependentId": "packages/button",
      "name": "gulp-clean-css",
      "rawSpec": "^4.3.0"
    }
  },
  "14 debug pnpm:progress": {
    "packageId": "registry.npmjs.org/gulp-clean-css/4.3.0",
    "requester": "/Users/saber/coding/mygithub/vue3-monorepo-components",
    "status": "resolved"
  },
  "15 error pnpm": {
    "code": "ERR_PNPM_NO_MATCHING_VERSION_INSIDE_WORKSPACE",
    "pkgsStack": [],
    "err": {
      "name": "pnpm",
      "message": "In packages/button: No matching version found for @dangojs/digitforce-ui-utils@* inside the workspace",
      "code": "ERR_PNPM_NO_MATCHING_VERSION_INSIDE_WORKSPACE",
      "stack": "pnpm: In packages/button: No matching version found for @dangojs/digitforce-ui-utils@* inside the workspace\n    at tryResolveFromWorkspace (/Users/saber/.nvm/versions/node/v16.14.2/lib/node_modules/pnpm/dist/pnpm.cjs:86101:15)\n    at resolveNpm (/Users/saber/.nvm/versions/node/v16.14.2/lib/node_modules/pnpm/dist/pnpm.cjs:85992:39)\n    at Object.resolve (/Users/saber/.nvm/versions/node/v16.14.2/lib/node_modules/pnpm/dist/pnpm.cjs:86224:40)\n    at ctx.requestsQueue.add.priority (/Users/saber/.nvm/versions/node/v16.14.2/lib/node_modules/pnpm/dist/pnpm.cjs:74578:75)\n    at run (/Users/saber/.nvm/versions/node/v16.14.2/lib/node_modules/pnpm/dist/pnpm.cjs:74294:90)\n    at PQueue._tryToStartAnother (/Users/saber/.nvm/versions/node/v16.14.2/lib/node_modules/pnpm/dist/pnpm.cjs:74248:13)\n    at PQueue._next (/Users/saber/.nvm/versions/node/v16.14.2/lib/node_modules/pnpm/dist/pnpm.cjs:74197:14)\n    at run (/Users/saber/.nvm/versions/node/v16.14.2/lib/node_modules/pnpm/dist/pnpm.cjs:74304:18)\n    at processTicksAndRejections (node:internal/process/task_queues:96:5)"
    }
  }
}